<?xml version="1.0" encoding="UTF-8"?>
<!-- Generated by org.testng.reporters.JUnitReportReporter -->
<testsuite hostname="LAPTOP-H857EC2G" failures="0" tests="1" name="test.FlightReservation" time="24.815" errors="0" timestamp="2021-07-13T18:05:40 IST" skipped="0">
  <testcase classname="test.FlightReservation" name="Test1" time="24.815"/>
  <system-out/>
</testsuite> <!-- test.FlightReservation -->
